[0mCompiling "target/cljsbuild/public/js/app.js" from ["src/cljs" "src/cljc" "env/dev/cljs"]...[0m
[31mFailed to compile "target/cljsbuild/public/js/app.js" in 0.413 seconds.[0m
[36m----  Could not Analyze  src/cljs/reschedul2/core.cljs  ----[0m

  [1mNo such namespace: reschedul2.views.menusnavs, could not locate reschedul2/views/menusnavs.cljs, reschedul2/views/menusnavs.cljc, or Closure namespace "reschedul2.views.menusnavs" [0m

[36m----  Analysis Error : Please see src/cljs/reschedul2/core.cljs  ----[0m
[0mCompiling "target/cljsbuild/public/js/app.js" from ["src/cljs" "src/cljc" "env/dev/cljs"]...[0m
[31mFailed to compile "target/cljsbuild/public/js/app.js" in 0.452 seconds.[0m
[36m----  Could not Analyze  src/cljs/reschedul2/core.cljs  ----[0m

  [1mNo such namespace: reschedul2.views.menusnavs, could not locate reschedul2/views/menusnavs.cljs, reschedul2/views/menusnavs.cljc, or Closure namespace "reschedul2.views.menusnavs" [0m

[36m----  Analysis Error : Please see src/cljs/reschedul2/core.cljs  ----[0m
[0mCompiling "target/cljsbuild/public/js/app.js" from ["src/cljs" "src/cljc" "env/dev/cljs"]...[0m
[32mSuccessfully compiled "target/cljsbuild/public/js/app.js" in 0.597 seconds.[0m
notifying browser that file changed:  target/cljsbuild/public/js/out/goog/deps.js
notifying browser that file changed:  target/cljsbuild/public/js/out/cljs_deps.js
notifying browser that file changed:  out/reschedul2/views/menusnavs.js
[0mCompiling "target/cljsbuild/public/js/app.js" from ["src/cljs" "src/cljc" "env/dev/cljs"]...[0m
[31mFailed to compile "target/cljsbuild/public/js/app.js" in 0.054 seconds.[0m
[36m----  Could not Analyze  src/cljs/reschedul2/core.cljs   line:1  column:1  ----[0m

  [1mOnly :refer-clojure, :require, :require-macros, :use, :use-macros, and :import libspecs supported. Got (defn about-page [] [:div.content-wrapper [:section.content-header [:h1 "reschedul2..." [:small "work in progress"]] [:ol.breadcrumb [:li [:a {:href "#"} [:i.fa.fa-dashboard] "Level"]] [:li.active "Here"]]]]) instead. at line 1 src/cljs/reschedul2/core.cljs[0m

  [33m1[0m  [1m(ns reschedul2.core[0m
  [0m [0m  [33m^--- Only :refer-clojure, :require, :require-macros, :use, :use-macros, and :import libspecs supported. Got (defn about-page [] [:div.content-wrapper [:section.content-header [:h1 "reschedul2..." [:small "work in progress"]] [:ol.breadcrumb [:li [:a {:href "#"} [:i.fa.fa-dashboard] "Level"]] [:li.active "Here"]]]]) instead. at line 1 src/cljs/reschedul2/core.cljs[0m
  [36m2[0m  [36m  (:require [reagent.core :as r][0m
  [36m3[0m  [36m            [re-frame.core :as rf][0m
  [36m4[0m  [36m            [secretary.core :as secretary][0m

[36m----  Analysis Error : Please see src/cljs/reschedul2/core.cljs  ----[0m
[0mCompiling "target/cljsbuild/public/js/app.js" from ["src/cljs" "src/cljc" "env/dev/cljs"]...[0m
[31mFailed to compile "target/cljsbuild/public/js/app.js" in 0.054 seconds.[0m
[36m----  Could not Analyze  src/cljs/reschedul2/core.cljs   line:1  column:1  ----[0m

  [1mOnly :refer-clojure, :require, :require-macros, :use, :use-macros, and :import libspecs supported. Got (defn about-page [] [:div.content-wrapper [:section.content-header [:h1 "reschedul2..." [:small "work in progress"]] [:ol.breadcrumb [:li [:a {:href "#"} [:i.fa.fa-dashboard] "Level"]] [:li.active "Here"]]]]) instead. at line 1 src/cljs/reschedul2/core.cljs[0m

  [33m1[0m  [1m(ns reschedul2.core[0m
  [0m [0m  [33m^--- Only :refer-clojure, :require, :require-macros, :use, :use-macros, and :import libspecs supported. Got (defn about-page [] [:div.content-wrapper [:section.content-header [:h1 "reschedul2..." [:small "work in progress"]] [:ol.breadcrumb [:li [:a {:href "#"} [:i.fa.fa-dashboard] "Level"]] [:li.active "Here"]]]]) instead. at line 1 src/cljs/reschedul2/core.cljs[0m
  [36m2[0m  [36m  (:require [reagent.core :as r][0m
  [36m3[0m  [36m            [re-frame.core :as rf][0m
  [36m4[0m  [36m            [secretary.core :as secretary][0m

[36m----  Analysis Error : Please see src/cljs/reschedul2/core.cljs  ----[0m
[0mCompiling "target/cljsbuild/public/js/app.js" from ["src/cljs" "src/cljc" "env/dev/cljs"]...[0m
[31mFailed to compile "target/cljsbuild/public/js/app.js" in 0.051 seconds.[0m
[36m----  Could not Read  src/cljs/reschedul2/core.cljs   line:1  column:1  ----[0m

  [1mEOF while reading, starting at line 1 and column 1[0m

  [33m1[0m  [1m(ns reschedul2.core[0m
  [0m [0m  [33m^--- EOF while reading, starting at line 1 and column 1[0m
  [36m2[0m  [36m  (:require [reagent.core :as r][0m
  [36m3[0m  [36m            [re-frame.core :as rf][0m
  [36m4[0m  [36m            [secretary.core :as secretary][0m

[36m----  Reader Error : Please see src/cljs/reschedul2/core.cljs  ----[0m
[0mCompiling "target/cljsbuild/public/js/app.js" from ["src/cljs" "src/cljc" "env/dev/cljs"]...[0m
[36m----  Compiler Warning on   src/cljs/reschedul2/core.cljs   line:50  column:5  ----[0m

  [1mUse of undeclared Var reschedul2.core/navbar[0m

  [36m46[0m  [36m   :about #'about-page})[0m
  [36m47[0m  [36m[0m
  [36m48[0m  [36m(defn page [][0m
  [36m49[0m  [36m  [:div[0m
  [33m50[0m  [1m   [navbar][0m
  [0m  [0m  [33m    ^--- Use of undeclared Var reschedul2.core/navbar[0m
  [36m51[0m  [36m   [(pages @(rf/subscribe [:page]))]])[0m
  [36m52[0m  [36m[0m
  [36m53[0m  [36m;; -------------------------[0m
  [36m54[0m  [36m;; Routes[0m
  [36m55[0m  [36m(secretary/set-config! :prefix "#")[0m

[36m----  Compiler Warning : Please see src/cljs/reschedul2/core.cljs  ----[0m
[32mSuccessfully compiled "target/cljsbuild/public/js/app.js" in 0.626 seconds.[0m
notifying browser that file changed:  out/reschedul2/core.js
[0mCompiling "target/cljsbuild/public/js/app.js" from ["src/cljs" "src/cljc" "env/dev/cljs"]...[0m
[36m----  Compiler Warning on   src/cljs/reschedul2/core.cljs   line:50  column:5  ----[0m

  [1mUse of undeclared Var reschedul2.core/navbar[0m

  [36m46[0m  [36m   :about #'about-page})[0m
  [36m47[0m  [36m[0m
  [36m48[0m  [36m(defn page [][0m
  [36m49[0m  [36m  [:div[0m
  [33m50[0m  [1m   [navbar][0m
  [0m  [0m  [33m    ^--- Use of undeclared Var reschedul2.core/navbar[0m
  [36m51[0m  [36m   [(pages @(rf/subscribe [:page]))]])[0m
  [36m52[0m  [36m[0m
  [36m53[0m  [36m;; -------------------------[0m
  [36m54[0m  [36m;; Routes[0m
  [36m55[0m  [36m(secretary/set-config! :prefix "#")[0m

[36m----  Compiler Warning : Please see src/cljs/reschedul2/core.cljs  ----[0m
[32mSuccessfully compiled "target/cljsbuild/public/js/app.js" in 0.595 seconds.[0m
notifying browser that file changed:  out/reschedul2/core.js
Notifyng browser that CSS file changed: resources/public/css/skins/skin-red.css
Notifyng browser that CSS file changed: resources/public/css/skins/skin-yellow-light.min.css
Notifyng browser that CSS file changed: resources/public/css/skins/skin-blue-light.css
Notifyng browser that CSS file changed: resources/public/css/skins/skin-blue.css
Notifyng browser that CSS file changed: resources/public/css/skins/_all-skins.min.css
Notifyng browser that CSS file changed: resources/public/css/skins/skin-black-light.css
Notifyng browser that CSS file changed: resources/public/css/skins/skin-blue-light.min.css
Notifyng browser that CSS file changed: resources/public/css/skins/skin-black-light.min.css
Notifyng browser that CSS file changed: resources/public/css/skins/skin-blue.min.css
Notifyng browser that CSS file changed: resources/public/css/skins/skin-red-light.css
Notifyng browser that CSS file changed: resources/public/css/skins/skin-yellow-light.css
Notifyng browser that CSS file changed: resources/public/css/skins/skin-green.css
Notifyng browser that CSS file changed: resources/public/css/skins/skin-purple-light.min.css
Notifyng browser that CSS file changed: resources/public/css/skins/skin-yellow.css
Notifyng browser that CSS file changed: resources/public/css/skins/skin-purple-light.css
Notifyng browser that CSS file changed: resources/public/css/skins/skin-purple.css
Notifyng browser that CSS file changed: resources/public/css/skins/skin-green-light.css
Notifyng browser that CSS file changed: resources/public/css/skins/skin-green.min.css
Notifyng browser that CSS file changed: resources/public/css/skins/skin-black.css
Notifyng browser that CSS file changed: resources/public/css/skins/skin-red.min.css
Notifyng browser that CSS file changed: resources/public/css/skins/skin-yellow.min.css
Notifyng browser that CSS file changed: resources/public/css/skins/skin-red-light.min.css
Notifyng browser that CSS file changed: resources/public/css/skins/_all-skins.css
Notifyng browser that CSS file changed: resources/public/css/skins/skin-green-light.min.css
Notifyng browser that CSS file changed: resources/public/css/skins/skin-black.min.css
Notifyng browser that CSS file changed: resources/public/css/skins/skin-purple.min.css
Notifyng browser that CSS file changed: resources/public/css/AdminLTE.css
Notifyng browser that CSS file changed: resources/public/css/AdminLTE.min.css
[0mCompiling "target/cljsbuild/public/js/app.js" from ["src/cljs" "src/cljc" "env/dev/cljs"]...[0m
[32mSuccessfully compiled "target/cljsbuild/public/js/app.js" in 2.508 seconds.[0m
notifying browser that file changed:  target/cljsbuild/public/js/out/goog/deps.js
notifying browser that file changed:  target/cljsbuild/public/js/out/cljs_deps.js
notifying browser that file changed:  out/reschedul2/core.js
[0mCompiling "target/cljsbuild/public/js/app.js" from ["src/cljs" "src/cljc" "env/dev/cljs"]...[0m
[32mSuccessfully compiled "target/cljsbuild/public/js/app.js" in 0.693 seconds.[0m
notifying browser that file changed:  out/reschedul2/views/menusnavs.js
[0mCompiling "target/cljsbuild/public/js/app.js" from ["src/cljs" "src/cljc" "env/dev/cljs"]...[0m
[32mSuccessfully compiled "target/cljsbuild/public/js/app.js" in 0.548 seconds.[0m
[0mCompiling "target/cljsbuild/public/js/app.js" from ["src/cljs" "src/cljc" "env/dev/cljs"]...[0m
[32mSuccessfully compiled "target/cljsbuild/public/js/app.js" in 0.618 seconds.[0m
notifying browser that file changed:  out/reschedul2/views/menusnavs.js
[0mCompiling "target/cljsbuild/public/js/app.js" from ["src/cljs" "src/cljc" "env/dev/cljs"]...[0m
[32mSuccessfully compiled "target/cljsbuild/public/js/app.js" in 0.552 seconds.[0m
notifying browser that file changed:  target/cljsbuild/public/js/out/cljs_deps.js
notifying browser that file changed:  out/reschedul2/views/users.js
[0mCompiling "target/cljsbuild/public/js/app.js" from ["src/cljs" "src/cljc" "env/dev/cljs"]...[0m
[32mSuccessfully compiled "target/cljsbuild/public/js/app.js" in 0.444 seconds.[0m
notifying browser that file changed:  out/reschedul2/views/users.js
[0mCompiling "target/cljsbuild/public/js/app.js" from ["src/cljs" "src/cljc" "env/dev/cljs"]...[0m
[32mSuccessfully compiled "target/cljsbuild/public/js/app.js" in 0.462 seconds.[0m
notifying browser that file changed:  out/reschedul2/views/users.js
[0mCompiling "target/cljsbuild/public/js/app.js" from ["src/cljs" "src/cljc" "env/dev/cljs"]...[0m
[32mSuccessfully compiled "target/cljsbuild/public/js/app.js" in 0.565 seconds.[0m
notifying browser that file changed:  target/cljsbuild/public/js/out/cljs_deps.js
notifying browser that file changed:  out/reschedul2/core.js
[0mCompiling "target/cljsbuild/public/js/app.js" from ["src/cljs" "src/cljc" "env/dev/cljs"]...[0m
[32mSuccessfully compiled "target/cljsbuild/public/js/app.js" in 0.513 seconds.[0m
notifying browser that file changed:  out/reschedul2/core.js
[0mCompiling "target/cljsbuild/public/js/app.js" from ["src/cljs" "src/cljc" "env/dev/cljs"]...[0m
[32mSuccessfully compiled "target/cljsbuild/public/js/app.js" in 0.597 seconds.[0m
notifying browser that file changed:  out/reschedul2/views/users.js
[0mCompiling "target/cljsbuild/public/js/app.js" from ["src/cljs" "src/cljc" "env/dev/cljs"]...[0m
[31mFailed to compile "target/cljsbuild/public/js/app.js" in 0.341 seconds.[0m
[36m----  Could not Analyze  src/cljs/reschedul2/core.cljs   line:45  column:1  ----[0m

  [1mUnable to resolve var: user-page in this context at line 45 src/cljs/reschedul2/core.cljs[0m

  [33m45[0m  [1m(def pages[0m
  [0m  [0m  [33m^--- Unable to resolve var: user-page in this context at line 45 src/cljs/reschedul2/core.cljs[0m
  [36m46[0m  [36m  {:home #'home-page[0m
  [36m47[0m  [36m   :users #'user-page[0m
  [36m48[0m  [36m   :about #'about-page})[0m

[36m----  Analysis Error : Please see src/cljs/reschedul2/core.cljs  ----[0m
[0mCompiling "target/cljsbuild/public/js/app.js" from ["src/cljs" "src/cljc" "env/dev/cljs"]...[0m
[31mFailed to compile "target/cljsbuild/public/js/app.js" in 0.387 seconds.[0m
[36m----  Could not Analyze  src/cljs/reschedul2/core.cljs  ----[0m

  [1mInvalid :refer, var reschedul2.views.users/user-info-page does not exist [0m

[36m----  Analysis Error : Please see src/cljs/reschedul2/core.cljs  ----[0m
[0mCompiling "target/cljsbuild/public/js/app.js" from ["src/cljs" "src/cljc" "env/dev/cljs"]...[0m
[32mSuccessfully compiled "target/cljsbuild/public/js/app.js" in 0.527 seconds.[0m
notifying browser that file changed:  out/reschedul2/core.js
[0mCompiling "target/cljsbuild/public/js/app.js" from ["src/cljs" "src/cljc" "env/dev/cljs"]...[0m
[32mSuccessfully compiled "target/cljsbuild/public/js/app.js" in 0.522 seconds.[0m
notifying browser that file changed:  out/reschedul2/core.js
[0mCompiling "target/cljsbuild/public/js/app.js" from ["src/cljs" "src/cljc" "env/dev/cljs"]...[0m
[32mSuccessfully compiled "target/cljsbuild/public/js/app.js" in 0.524 seconds.[0m
notifying browser that file changed:  out/reschedul2/views/users.js
[0mCompiling "target/cljsbuild/public/js/app.js" from ["src/cljs" "src/cljc" "env/dev/cljs"]...[0m
[32mSuccessfully compiled "target/cljsbuild/public/js/app.js" in 0.554 seconds.[0m
notifying browser that file changed:  out/reschedul2/views/users.js
[0mCompiling "target/cljsbuild/public/js/app.js" from ["src/cljs" "src/cljc" "env/dev/cljs"]...[0m
[31mFailed to compile "target/cljsbuild/public/js/app.js" in 0.323 seconds.[0m
[36m----  Could not Read  src/cljs/reschedul2/views/users.cljs   line:20  column:1  ----[0m

  [1mEOF while reading string[0m

[36m----  Reader Error : Please see src/cljs/reschedul2/views/users.cljs  ----[0m
[0mCompiling "target/cljsbuild/public/js/app.js" from ["src/cljs" "src/cljc" "env/dev/cljs"]...[0m
[31mFailed to compile "target/cljsbuild/public/js/app.js" in 0.331 seconds.[0m
[36m----  Could not Read  src/cljs/reschedul2/views/users.cljs   line:20  column:1  ----[0m

  [1mEOF while reading string[0m

[36m----  Reader Error : Please see src/cljs/reschedul2/views/users.cljs  ----[0m
[0mCompiling "target/cljsbuild/public/js/app.js" from ["src/cljs" "src/cljc" "env/dev/cljs"]...[0m
[32mSuccessfully compiled "target/cljsbuild/public/js/app.js" in 0.52 seconds.[0m
notifying browser that file changed:  out/reschedul2/views/users.js
[0mCompiling "target/cljsbuild/public/js/app.js" from ["src/cljs" "src/cljc" "env/dev/cljs"]...[0m
[32mSuccessfully compiled "target/cljsbuild/public/js/app.js" in 0.524 seconds.[0m
notifying browser that file changed:  out/reschedul2/views/users.js
[0mCompiling "target/cljsbuild/public/js/app.js" from ["src/cljs" "src/cljc" "env/dev/cljs"]...[0m
[31mFailed to compile "target/cljsbuild/public/js/app.js" in 0.323 seconds.[0m
[36m----  Could not Read  src/cljs/reschedul2/views/users.cljs   line:21  column:11  ----[0m

  [1mInvalid token: :[0m

  [36m19[0m  [36m[:section.content-header[0m
  [36m20[0m  [36m  [:h2 "You"[0m
  [33m21[0m  [1m    [:]]]])[0m
  [0m  [0m  [33m      ^--- Invalid token: :[0m

[36m----  Reader Error : Please see src/cljs/reschedul2/views/users.cljs  ----[0m
[0mCompiling "target/cljsbuild/public/js/app.js" from ["src/cljs" "src/cljc" "env/dev/cljs"]...[0m
[31mFailed to compile "target/cljsbuild/public/js/app.js" in 0.34 seconds.[0m
[36m----  Could not Read  src/cljs/reschedul2/views/users.cljs   line:21  column:11  ----[0m

  [1mInvalid token: :[0m

  [36m19[0m  [36m[:section.content-header[0m
  [36m20[0m  [36m  [:h2 "You"[0m
  [33m21[0m  [1m    [:]]]])[0m
  [0m  [0m  [33m      ^--- Invalid token: :[0m

[36m----  Reader Error : Please see src/cljs/reschedul2/views/users.cljs  ----[0m
[0mCompiling "target/cljsbuild/public/js/app.js" from ["src/cljs" "src/cljc" "env/dev/cljs"]...[0m
[31mFailed to compile "target/cljsbuild/public/js/app.js" in 0.375 seconds.[0m
[36m----  Could not Read  src/cljs/reschedul2/views/users.cljs   line:22  column:11  ----[0m

  [1mInvalid token: :[0m

  [36m20[0m  [36m[:section.content-header[0m
  [36m21[0m  [36m  [:h2 "You"[0m
  [33m22[0m  [1m    [:]]]])[0m
  [0m  [0m  [33m      ^--- Invalid token: :[0m

[36m----  Reader Error : Please see src/cljs/reschedul2/views/users.cljs  ----[0m
[0mCompiling "target/cljsbuild/public/js/app.js" from ["src/cljs" "src/cljc" "env/dev/cljs"]...[0m
[32mSuccessfully compiled "target/cljsbuild/public/js/app.js" in 0.47 seconds.[0m
notifying browser that file changed:  out/reschedul2/views/users.js
[0mCompiling "target/cljsbuild/public/js/app.js" from ["src/cljs" "src/cljc" "env/dev/cljs"]...[0m
[32mSuccessfully compiled "target/cljsbuild/public/js/app.js" in 0.495 seconds.[0m
notifying browser that file changed:  out/reschedul2/views/users.js
[0mCompiling "target/cljsbuild/public/js/app.js" from ["src/cljs" "src/cljc" "env/dev/cljs"]...[0m
[32mSuccessfully compiled "target/cljsbuild/public/js/app.js" in 0.499 seconds.[0m
notifying browser that file changed:  out/reschedul2/views/users.js
[0mCompiling "target/cljsbuild/public/js/app.js" from ["src/cljs" "src/cljc" "env/dev/cljs"]...[0m
[32mSuccessfully compiled "target/cljsbuild/public/js/app.js" in 0.468 seconds.[0m
notifying browser that file changed:  out/reschedul2/views/users.js
[0mCompiling "target/cljsbuild/public/js/app.js" from ["src/cljs" "src/cljc" "env/dev/cljs"]...[0m
[32mSuccessfully compiled "target/cljsbuild/public/js/app.js" in 0.482 seconds.[0m
notifying browser that file changed:  out/reschedul2/views/users.js
[0mCompiling "target/cljsbuild/public/js/app.js" from ["src/cljs" "src/cljc" "env/dev/cljs"]...[0m
[32mSuccessfully compiled "target/cljsbuild/public/js/app.js" in 0.501 seconds.[0m
notifying browser that file changed:  out/reschedul2/views/users.js
[0mCompiling "target/cljsbuild/public/js/app.js" from ["src/cljs" "src/cljc" "env/dev/cljs"]...[0m
[32mSuccessfully compiled "target/cljsbuild/public/js/app.js" in 0.509 seconds.[0m
notifying browser that file changed:  out/reschedul2/views/users.js
[0mCompiling "target/cljsbuild/public/js/app.js" from ["src/cljs" "src/cljc" "env/dev/cljs"]...[0m
[32mSuccessfully compiled "target/cljsbuild/public/js/app.js" in 0.533 seconds.[0m
notifying browser that file changed:  out/reschedul2/db.js
[0mCompiling "target/cljsbuild/public/js/app.js" from ["src/cljs" "src/cljc" "env/dev/cljs"]...[0m
[32mSuccessfully compiled "target/cljsbuild/public/js/app.js" in 0.582 seconds.[0m
notifying browser that file changed:  out/reschedul2/db.js
[0mCompiling "target/cljsbuild/public/js/app.js" from ["src/cljs" "src/cljc" "env/dev/cljs"]...[0m
[32mSuccessfully compiled "target/cljsbuild/public/js/app.js" in 0.533 seconds.[0m
notifying browser that file changed:  out/reschedul2/handlers.js
[0mCompiling "target/cljsbuild/public/js/app.js" from ["src/cljs" "src/cljc" "env/dev/cljs"]...[0m
[32mSuccessfully compiled "target/cljsbuild/public/js/app.js" in 0.557 seconds.[0m
notifying browser that file changed:  out/reschedul2/handlers.js
[0mCompiling "target/cljsbuild/public/js/app.js" from ["src/cljs" "src/cljc" "env/dev/cljs"]...[0m
[36m----  Compiler Warning on   src/cljs/reschedul2/subscriptions.cljs   line:14  column:2  ----[0m

  [1mUse of undeclared Var reschedul2.subscriptions/reg-event-db[0m

  [36m10[0m  [36m  :docs[0m
  [36m11[0m  [36m  (fn [db _][0m
  [36m12[0m  [36m    (:docs db)))[0m
  [36m13[0m  [36m[0m
  [33m14[0m  [1m(reg-event-db[0m
  [0m  [0m  [33m ^--- Use of undeclared Var reschedul2.subscriptions/reg-event-db[0m
  [36m15[0m  [36m  :logged-in-user[0m
  [36m16[0m  [36m  (fn [db [_ docs]][0m
  [36m17[0m  [36m    (:logged-in-user db)))[0m

[36m----  Compiler Warning : Please see src/cljs/reschedul2/subscriptions.cljs  ----[0m
[32mSuccessfully compiled "target/cljsbuild/public/js/app.js" in 0.547 seconds.[0m
notifying browser that file changed:  out/reschedul2/subscriptions.js
[0mCompiling "target/cljsbuild/public/js/app.js" from ["src/cljs" "src/cljc" "env/dev/cljs"]...[0m
[36m----  Compiler Warning on   src/cljs/reschedul2/subscriptions.cljs   line:14  column:2  ----[0m

  [1mUse of undeclared Var reschedul2.subscriptions/reg-event-db[0m

  [36m10[0m  [36m  :docs[0m
  [36m11[0m  [36m  (fn [db _][0m
  [36m12[0m  [36m    (:docs db)))[0m
  [36m13[0m  [36m[0m
  [33m14[0m  [1m(reg-event-db[0m
  [0m  [0m  [33m ^--- Use of undeclared Var reschedul2.subscriptions/reg-event-db[0m
  [36m15[0m  [36m  :logged-in-user[0m
  [36m16[0m  [36m  (fn [db [_ docs]][0m
  [36m17[0m  [36m    (:logged-in-user db)))[0m

[36m----  Compiler Warning : Please see src/cljs/reschedul2/subscriptions.cljs  ----[0m
[32mSuccessfully compiled "target/cljsbuild/public/js/app.js" in 0.574 seconds.[0m
notifying browser that file changed:  out/reschedul2/subscriptions.js
[0mCompiling "target/cljsbuild/public/js/app.js" from ["src/cljs" "src/cljc" "env/dev/cljs"]...[0m
[32mSuccessfully compiled "target/cljsbuild/public/js/app.js" in 0.53 seconds.[0m
notifying browser that file changed:  out/reschedul2/subscriptions.js
[0mCompiling "target/cljsbuild/public/js/app.js" from ["src/cljs" "src/cljc" "env/dev/cljs"]...[0m
[32mSuccessfully compiled "target/cljsbuild/public/js/app.js" in 0.513 seconds.[0m
notifying browser that file changed:  out/reschedul2/subscriptions.js
[0mCompiling "target/cljsbuild/public/js/app.js" from ["src/cljs" "src/cljc" "env/dev/cljs"]...[0m
[31mFailed to compile "target/cljsbuild/public/js/app.js" in 0.311 seconds.[0m
[36m----  Could not Read  src/cljs/reschedul2/views/users.cljs   line:23  column:32  ----[0m

  [1mInvalid token: :[0m

  [36m21[0m  [36m    [:p[0m
  [36m22[0m  [36m      "There are "[0m
  [33m23[0m  [1m      @(rf/subscribe [:])[0m
  [0m  [0m  [33m                       ^--- Invalid token: :[0m
  [36m24[0m  [36m      " users registered."]]][0m
  [36m25[0m  [36m[:div.col-md-4.col-xs-12[0m
  [36m26[0m  [36m  [:div.row[0m

[36m----  Reader Error : Please see src/cljs/reschedul2/views/users.cljs  ----[0m
[0mCompiling "target/cljsbuild/public/js/app.js" from ["src/cljs" "src/cljc" "env/dev/cljs"]...[0m
[32mSuccessfully compiled "target/cljsbuild/public/js/app.js" in 0.491 seconds.[0m
notifying browser that file changed:  out/reschedul2/views/users.js
[0mCompiling "target/cljsbuild/public/js/app.js" from ["src/cljs" "src/cljc" "env/dev/cljs"]...[0m
[32mSuccessfully compiled "target/cljsbuild/public/js/app.js" in 0.478 seconds.[0m
notifying browser that file changed:  out/reschedul2/views/users.js
[0mCompiling "target/cljsbuild/public/js/app.js" from ["src/cljs" "src/cljc" "env/dev/cljs"]...[0m
[36m----  Compiler Warning on   src/cljs/reschedul2/ajax.cljs   line:13  column:11  ----[0m

  [1mUse of undeclared Var reschedul2.ajax/%[0m

  [36m 9[0m  [36m    (-> request[0m
  [36m10[0m  [36m        (update :uri #(str js/context %))[0m
  [36m11[0m  [36m        (update :headers ;#(merge {"x-csrf-token" js/csrfToken} %)))[0m
  [36m12[0m  [36m          #(merge)[0m
  [33m13[0m  [1m          %[0m
  [0m  [0m  [33m          ^--- Use of undeclared Var reschedul2.ajax/%[0m
  [36m14[0m  [36m          {"Accept" "application/transit+json"[0m
  [36m15[0m  [36m           "x-csrf-token" js/csrfToken}))[0m
  [36m16[0m  [36m[0m
  [36m17[0m  [36m    request))[0m

[36m----  Compiler Warning : Please see src/cljs/reschedul2/ajax.cljs  ----[0m
[32mSuccessfully compiled "target/cljsbuild/public/js/app.js" in 0.55 seconds.[0m
notifying browser that file changed:  out/reschedul2/ajax.js
[0mCompiling "target/cljsbuild/public/js/app.js" from ["src/cljs" "src/cljc" "env/dev/cljs"]...[0m
[32mSuccessfully compiled "target/cljsbuild/public/js/app.js" in 0.533 seconds.[0m
notifying browser that file changed:  out/reschedul2/ajax.js
[0mCompiling "target/cljsbuild/public/js/app.js" from ["src/cljs" "src/cljc" "env/dev/cljs"]...[0m
[32mSuccessfully compiled "target/cljsbuild/public/js/app.js" in 0.565 seconds.[0m
notifying browser that file changed:  out/reschedul2/ajax.js
[0mCompiling "target/cljsbuild/public/js/app.js" from ["src/cljs" "src/cljc" "env/dev/cljs"]...[0m
[32mSuccessfully compiled "target/cljsbuild/public/js/app.js" in 0.558 seconds.[0m
notifying browser that file changed:  out/reschedul2/ajax.js
[0mCompiling "target/cljsbuild/public/js/app.js" from ["src/cljs" "src/cljc" "env/dev/cljs"]...[0m
[31mFailed to compile "target/cljsbuild/public/js/app.js" in 0.363 seconds.[0m
[36m----  Could not Read  src/cljs/reschedul2/ajax.cljs   line:24  column:57  ----[0m

  [1mDuplicate key: :request[0m

  [36m22[0m  [36m(ajax/to-interceptor {:name "default headers"[0m
  [36m23[0m  [36m                      :request  request-defaults[0m
  [33m24[0m  [1m                      :request default-headers})))[0m
  [0m  [0m  [33m                                               ^--- Duplicate key: :request[0m

[36m----  Reader Error : Please see src/cljs/reschedul2/ajax.cljs  ----[0m
[0mCompiling "target/cljsbuild/public/js/app.js" from ["src/cljs" "src/cljc" "env/dev/cljs"]...[0m
[36m----  Compiler Warning on   src/cljs/reschedul2/ajax.cljs   line:20  column:4  ----[0m

  [1mUse of undeclared Var reschedul2.ajax/dispatch[0m

  [36m16[0m  [36m             "x-csrf-token" js/csrfToken})))[0m
  [36m17[0m  [36m    request))[0m
  [36m18[0m  [36m[0m
  [36m19[0m  [36m(defn response-defaults [response][0m
  [33m20[0m  [1m  (dispatch [:unset-loading])[0m
  [0m  [0m  [33m   ^--- Use of undeclared Var reschedul2.ajax/dispatch[0m
  [36m21[0m  [36m  response)[0m
  [36m22[0m  [36m[0m
  [36m23[0m  [36m(defn load-interceptors! [][0m
  [36m24[0m  [36m  (swap! ajax/default-interceptors[0m
  [36m25[0m  [36m         conj[0m

[36m----  Compiler Warning : Please see src/cljs/reschedul2/ajax.cljs  ----[0m
[31mFailed to compile "target/cljsbuild/public/js/app.js" in 0.38 seconds.[0m
[36m----  Could not Read  src/cljs/reschedul2/ajax.cljs   line:28  column:57  ----[0m

  [1mDuplicate key: :request[0m

  [36m26[0m  [36m(ajax/to-interceptor {:name "default headers"[0m
  [36m27[0m  [36m                      :request  request-defaults[0m
  [33m28[0m  [1m                      :request default-headers})))[0m
  [0m  [0m  [33m                                               ^--- Duplicate key: :request[0m

[36m----  Reader Error : Please see src/cljs/reschedul2/ajax.cljs  ----[0m
[0mCompiling "target/cljsbuild/public/js/app.js" from ["src/cljs" "src/cljc" "env/dev/cljs"]...[0m
[31mFailed to compile "target/cljsbuild/public/js/app.js" in 0.315 seconds.[0m
[36m----  Could not Analyze  src/cljs/reschedul2/ajax.cljs   line:9  column:3  ----[0m

  [1mToo many arguments to if at line 9 /Users/kfl/dev/git/reschedul2/src/cljs/reschedul2/ajax.cljs[0m

  [36m 8[0m  [36m(defn default-headers [request][0m
  [33m 9[0m  [1m  (if (local-uri? request)[0m
  [0m  [0m  [33m  ^--- Too many arguments to if at line 9 /Users/kfl/dev/git/reschedul2/src/cljs/reschedul2/ajax.cljs[0m
  [36m10[0m  [36m    (dispatch [:set-loading])[0m
  [36m11[0m  [36m    (-> request[0m
  [36m12[0m  [36m        (update :uri #(str js/context %))[0m

[36m----  Analysis Error : Please see src/cljs/reschedul2/ajax.cljs  ----[0m
[0mCompiling "target/cljsbuild/public/js/app.js" from ["src/cljs" "src/cljc" "env/dev/cljs"]...[0m
[31mFailed to compile "target/cljsbuild/public/js/app.js" in 0.337 seconds.[0m
[36m----  Could not Read  src/cljs/reschedul2/ajax.cljs   line:30  column:57  ----[0m

  [1mDuplicate key: :request[0m

  [36m28[0m  [36m(ajax/to-interceptor {:name "default headers"[0m
  [36m29[0m  [36m                      :request  request-defaults[0m
  [33m30[0m  [1m                      :request default-headers})))[0m
  [0m  [0m  [33m                                               ^--- Duplicate key: :request[0m

[36m----  Reader Error : Please see src/cljs/reschedul2/ajax.cljs  ----[0m
[0mCompiling "target/cljsbuild/public/js/app.js" from ["src/cljs" "src/cljc" "env/dev/cljs"]...[0m
[31mFailed to compile "target/cljsbuild/public/js/app.js" in 0.344 seconds.[0m
[36m----  Could not Read  src/cljs/reschedul2/ajax.cljs   line:30  column:57  ----[0m

  [1mDuplicate key: :request[0m

  [36m28[0m  [36m(ajax/to-interceptor {:name "default headers"[0m
  [36m29[0m  [36m                      :request  request-defaults[0m
  [33m30[0m  [1m                      :request default-headers})))[0m
  [0m  [0m  [33m                                               ^--- Duplicate key: :request[0m

[36m----  Reader Error : Please see src/cljs/reschedul2/ajax.cljs  ----[0m
[0mCompiling "target/cljsbuild/public/js/app.js" from ["src/cljs" "src/cljc" "env/dev/cljs"]...[0m
[31mFailed to compile "target/cljsbuild/public/js/app.js" in 0.334 seconds.[0m
[36m----  Could not Read  src/cljs/reschedul2/ajax.cljs   line:30  column:57  ----[0m

  [1mDuplicate key: :request[0m

  [36m28[0m  [36m(ajax/to-interceptor {:name "default headers"[0m
  [36m29[0m  [36m                      :request  request-defaults[0m
  [33m30[0m  [1m                      :request default-headers})))[0m
  [0m  [0m  [33m                                               ^--- Duplicate key: :request[0m

[36m----  Reader Error : Please see src/cljs/reschedul2/ajax.cljs  ----[0m
[0mCompiling "target/cljsbuild/public/js/app.js" from ["src/cljs" "src/cljc" "env/dev/cljs"]...[0m
[31mFailed to compile "target/cljsbuild/public/js/app.js" in 0.323 seconds.[0m
[36m----  Could not Read  src/cljs/reschedul2/ajax.cljs   line:30  column:57  ----[0m

  [1mDuplicate key: :request[0m

  [36m28[0m  [36m(ajax/to-interceptor {:name "default headers"[0m
  [36m29[0m  [36m                      :request  request-defaults[0m
  [33m30[0m  [1m                      :request default-headers})))[0m
  [0m  [0m  [33m                                               ^--- Duplicate key: :request[0m

[36m----  Reader Error : Please see src/cljs/reschedul2/ajax.cljs  ----[0m
[0mCompiling "target/cljsbuild/public/js/app.js" from ["src/cljs" "src/cljc" "env/dev/cljs"]...[0m
[31mFailed to compile "target/cljsbuild/public/js/app.js" in 0.328 seconds.[0m
[36m----  Could not Read  src/cljs/reschedul2/ajax.cljs   line:30  column:57  ----[0m

  [1mDuplicate key: :request[0m

  [36m28[0m  [36m(ajax/to-interceptor {:name "default headers"[0m
  [36m29[0m  [36m                      :request  request-defaults[0m
  [33m30[0m  [1m                      :request default-headers})))[0m
  [0m  [0m  [33m                                               ^--- Duplicate key: :request[0m

[36m----  Reader Error : Please see src/cljs/reschedul2/ajax.cljs  ----[0m
[0mCompiling "target/cljsbuild/public/js/app.js" from ["src/cljs" "src/cljc" "env/dev/cljs"]...[0m
[32mSuccessfully compiled "target/cljsbuild/public/js/app.js" in 0.586 seconds.[0m
notifying browser that file changed:  target/cljsbuild/public/js/out/goog/deps.js
notifying browser that file changed:  target/cljsbuild/public/js/out/cljs_deps.js
notifying browser that file changed:  out/reschedul2/datetime.js
[0mCompiling "target/cljsbuild/public/js/app.js" from ["src/cljs" "src/cljc" "env/dev/cljs"]...[0m
[32mSuccessfully compiled "target/cljsbuild/public/js/app.js" in 0.546 seconds.[0m
notifying browser that file changed:  out/reschedul2/datetime.js
